<?xml version="1.0" encoding="UTF-8"?>
<!-- Generated by org.testng.reporters.JUnitReportReporter -->
<testsuite skipped="10" hostname="CDC2-L-0134612" name="LandingPageValidation.LandingPageValidation_TestCases" tests="17" failures="0" timestamp="07 Apr 2023 06:21:42 GMT" time="401.181" errors="0">
  <testcase name="TC01_LandingPageHeaderValidation" time="18.701" classname="LandingPageValidation.LandingPageValidation_TestCases"/>
  <testcase name="TC02_Centre_Palette_Widget1_Validation" time="7.342" classname="LandingPageValidation.LandingPageValidation_TestCases"/>
  <testcase name="TC03_Centre_Palette_Widget2_Widget3_Validation" time="5.629" classname="LandingPageValidation.LandingPageValidation_TestCases"/>
  <testcase name="TC_04_Skill_Profile_Validation" time="3.204" classname="LandingPageValidation.LandingPageValidation_TestCases"/>
  <testcase name="TC_05_Quick_Links_Validation" time="4.131" classname="LandingPageValidation.LandingPageValidation_TestCases"/>
  <testcase name="TC06_Get_to_KnowMyComp_And_SAG_Validation" time="180.087" classname="LandingPageValidation.LandingPageValidation_TestCases"/>
  <testcase name="TC07_LandingPageFooterValidation" time="182.087" classname="LandingPageValidation.LandingPageValidation_TestCases"/>
  <testcase name="TC13_Feedback_Popup_Validation" classname="LandingPageValidation.LandingPageValidation_TestCases">
    <skipped/>
  </testcase> <!-- TC13_Feedback_Popup_Validation -->
  <testcase name="TC12_Secondary_Skills_Verification_No_Secondary_Skills" classname="LandingPageValidation.LandingPageValidation_TestCases">
    <skipped/>
  </testcase> <!-- TC12_Secondary_Skills_Verification_No_Secondary_Skills -->
  <testcase name="TC13_Secondary_Skills_Tab_Validation" classname="LandingPageValidation.LandingPageValidation_TestCases">
    <skipped/>
  </testcase> <!-- TC13_Secondary_Skills_Tab_Validation -->
  <testcase name="TC10Secondary_Skills_Verification_One_With_Prof_One_With_Recently_Added_Skills" classname="LandingPageValidation.LandingPageValidation_TestCases">
    <skipped/>
  </testcase> <!-- TC10Secondary_Skills_Verification_One_With_Prof_One_With_Recently_Added_Skills -->
  <testcase name="TC_Resource_Validation" classname="LandingPageValidation.LandingPageValidation_TestCases">
    <skipped/>
  </testcase> <!-- TC_Resource_Validation -->
  <testcase name="TC_16_SOI_Tab_Validation" classname="LandingPageValidation.LandingPageValidation_TestCases">
    <skipped/>
  </testcase> <!-- TC_16_SOI_Tab_Validation -->
  <testcase name="TC11_Secondary_Skills_Verification_When_One_Secondary_Skill" classname="LandingPageValidation.LandingPageValidation_TestCases">
    <skipped/>
  </testcase> <!-- TC11_Secondary_Skills_Verification_When_One_Secondary_Skill -->
  <testcase name="TC09_Secondary_Skills_Verification_Recently_Added_Skills" classname="LandingPageValidation.LandingPageValidation_TestCases">
    <skipped/>
  </testcase> <!-- TC09_Secondary_Skills_Verification_Recently_Added_Skills -->
  <testcase name="TC14_ResourceTab_validation" classname="LandingPageValidation.LandingPageValidation_TestCases">
    <skipped/>
  </testcase> <!-- TC14_ResourceTab_validation -->
  <testcase name="TC_08_Secondary_Skills_Verification_Highest_Prof_Skills" classname="LandingPageValidation.LandingPageValidation_TestCases">
    <skipped/>
  </testcase> <!-- TC_08_Secondary_Skills_Verification_Highest_Prof_Skills -->
</testsuite> <!-- LandingPageValidation.LandingPageValidation_TestCases -->
