<?xml version="1.0" encoding="UTF-8"?>
<!-- Generated by org.testng.reporters.JUnitReportReporter -->
<testsuite skipped="0" hostname="CDC2-L-0134612" name="SmokeTestModule.MyCompetencyMainTest" tests="1" failures="0" timestamp="04 Apr 2023 10:10:37 GMT" time="137.675" errors="0">
  <testcase name="MainMethod" time="137.675" classname="SmokeTestModule.MyCompetencyMainTest"/>
</testsuite> <!-- SmokeTestModule.MyCompetencyMainTest -->
